<?xml version="1.0" encoding="UTF-8"?>
<!-- Generated by org.testng.reporters.JUnitReportReporter -->
<testsuite skipped="0" hostname="Admin" name="com.Amazon.Tests.BasePageTest" tests="1" failures="0" timestamp="03 Dec 2020 05:34:48 GMT" time="103.424" errors="0">
  <testcase name="basePageTest" time="103.424" classname="com.Amazon.Tests.BasePageTest"/>
</testsuite> <!-- com.Amazon.Tests.BasePageTest -->
