<?xml version="1.0" encoding="UTF-8"?>
<!-- Generated by org.testng.reporters.JUnitReportReporter -->
<testsuite skipped="0" hostname="Admin" name="com.Amazon.Tests.Pearson" tests="1" failures="0" timestamp="14 Mar 2021 04:30:52 GMT" time="31.311" errors="0">
  <testcase name="pearson" time="31.311" classname="com.Amazon.Tests.Pearson"/>
</testsuite> <!-- com.Amazon.Tests.Pearson -->
